<?xml version="1.0" encoding="UTF-8"?>
<!-- Generated by org.testng.reporters.JUnitReportReporter -->
<testsuite hostname="OAR-COU1-PC" name="com.acttime.customertest.CustomerTest" tests="3" failures="0" timestamp="31 Oct 2018 03:31:18 GMT" time="0.000" errors="0">
  <testcase name="modifycustomertest" time="0.000" classname="com.acttime.customertest.CustomerTest"/>
  <testcase name="createcustomertest" time="0.000" classname="com.acttime.customertest.CustomerTest"/>
  <testcase name="deletecustomertest" time="0.000" classname="com.acttime.customertest.CustomerTest"/>
</testsuite> <!-- com.acttime.customertest.CustomerTest -->
